<?xml version="1.0" encoding="UTF-8"?>
<!-- Generated by org.testng.reporters.JUnitReportReporter -->
<testsuite hostname="LAPTOP-AI8AGAUK" failures="0" tests="1" name="TitleTest" time="11.565" errors="0" timestamp="2021-08-17T23:40:35 PDT" skipped="0">
  <testcase classname="TitleTest" name="testing" time="11.565"/>
  <system-out/>
</testsuite> <!-- TitleTest -->
